[15-Dec-2024 20:57:07 America/Sao_Paulo] PHP Warning:  file_get_contents(): SSL: Handshake timed out in /home/u509716858/domains/fenixsmm.store/public_html/wazeportal/dadoscemadem.php on line 14
[15-Dec-2024 20:57:07 America/Sao_Paulo] PHP Warning:  file_get_contents(): Failed to enable crypto in /home/u509716858/domains/fenixsmm.store/public_html/wazeportal/dadoscemadem.php on line 14
[15-Dec-2024 20:57:07 America/Sao_Paulo] PHP Warning:  file_get_contents(https://resources.cemaden.gov.br/graficos/cemaden/hidro/resources/json/MedidaResource.php?est=6622&amp;sen=20&amp;pag=36): failed to open stream: operation failed in /home/u509716858/domains/fenixsmm.store/public_html/wazeportal/dadoscemadem.php on line 14
[15-Dec-2024 20:57:07 America/Sao_Paulo] PHP Fatal error:  Uncaught PDOException: There is no active transaction in /home/u509716858/domains/fenixsmm.store/public_html/wazeportal/functions/scripts.php:94
Stack trace:
#0 /home/u509716858/domains/fenixsmm.store/public_html/wazeportal/functions/scripts.php(94): PDO->rollBack()
#1 /home/u509716858/domains/fenixsmm.store/public_html/wazeportal/wazejob.php(37): logExecution('dadoscemadem.ph...', 'error', 'Erro: There is ...')
#2 {main}
  thrown in /home/u509716858/domains/fenixsmm.store/public_html/wazeportal/functions/scripts.php on line 94
[16-Dec-2024 00:41:06 America/Sao_Paulo] PHP Warning:  file_get_contents(): SSL: Handshake timed out in /home/u509716858/domains/fenixsmm.store/public_html/wazeportal/dadoscemadem.php on line 14
[16-Dec-2024 00:41:06 America/Sao_Paulo] PHP Warning:  file_get_contents(): Failed to enable crypto in /home/u509716858/domains/fenixsmm.store/public_html/wazeportal/dadoscemadem.php on line 14
[16-Dec-2024 00:41:06 America/Sao_Paulo] PHP Warning:  file_get_contents(https://resources.cemaden.gov.br/graficos/cemaden/hidro/resources/json/MedidaResource.php?est=6622&amp;sen=20&amp;pag=36): failed to open stream: operation failed in /home/u509716858/domains/fenixsmm.store/public_html/wazeportal/dadoscemadem.php on line 14
[16-Dec-2024 00:41:06 America/Sao_Paulo] PHP Fatal error:  Uncaught PDOException: There is no active transaction in /home/u509716858/domains/fenixsmm.store/public_html/wazeportal/functions/scripts.php:94
Stack trace:
#0 /home/u509716858/domains/fenixsmm.store/public_html/wazeportal/functions/scripts.php(94): PDO->rollBack()
#1 /home/u509716858/domains/fenixsmm.store/public_html/wazeportal/wazejob.php(37): logExecution('dadoscemadem.ph...', 'error', 'Erro: There is ...')
#2 {main}
  thrown in /home/u509716858/domains/fenixsmm.store/public_html/wazeportal/functions/scripts.php on line 94
[16-Dec-2024 09:25:02 America/Sao_Paulo] PHP Warning:  file_get_contents(): SSL: Handshake timed out in /home/u509716858/domains/fenixsmm.store/public_html/wazeportal/dadoscemadem.php on line 14
[16-Dec-2024 09:25:02 America/Sao_Paulo] PHP Warning:  file_get_contents(): Failed to enable crypto in /home/u509716858/domains/fenixsmm.store/public_html/wazeportal/dadoscemadem.php on line 14
[16-Dec-2024 09:25:02 America/Sao_Paulo] PHP Warning:  file_get_contents(https://resources.cemaden.gov.br/graficos/cemaden/hidro/resources/json/MedidaResource.php?est=6622&amp;sen=20&amp;pag=36): failed to open stream: operation failed in /home/u509716858/domains/fenixsmm.store/public_html/wazeportal/dadoscemadem.php on line 14
[16-Dec-2024 09:25:02 America/Sao_Paulo] PHP Fatal error:  Uncaught PDOException: There is no active transaction in /home/u509716858/domains/fenixsmm.store/public_html/wazeportal/functions/scripts.php:94
Stack trace:
#0 /home/u509716858/domains/fenixsmm.store/public_html/wazeportal/functions/scripts.php(94): PDO->rollBack()
#1 /home/u509716858/domains/fenixsmm.store/public_html/wazeportal/wazejob.php(37): logExecution('dadoscemadem.ph...', 'error', 'Erro: There is ...')
#2 {main}
  thrown in /home/u509716858/domains/fenixsmm.store/public_html/wazeportal/functions/scripts.php on line 94
[16-Dec-2024 10:34:55 America/Sao_Paulo] PHP Fatal error:  Uncaught PDOException: There is no active transaction in /home/u509716858/domains/fenixsmm.store/public_html/wazeportal/functions/scripts.php:94
Stack trace:
#0 /home/u509716858/domains/fenixsmm.store/public_html/wazeportal/functions/scripts.php(94): PDO->rollBack()
#1 /home/u509716858/domains/fenixsmm.store/public_html/wazeportal/wazejob.php(19): logExecution('wazealerts.php', 'error', 'Erro: There is ...')
#2 {main}
  thrown in /home/u509716858/domains/fenixsmm.store/public_html/wazeportal/functions/scripts.php on line 94
[16-Dec-2024 13:33:03 America/Sao_Paulo] PHP Warning:  file_get_contents(): SSL: Handshake timed out in /home/u509716858/domains/fenixsmm.store/public_html/wazeportal/dadoscemadem.php on line 14
[16-Dec-2024 13:33:03 America/Sao_Paulo] PHP Warning:  file_get_contents(): Failed to enable crypto in /home/u509716858/domains/fenixsmm.store/public_html/wazeportal/dadoscemadem.php on line 14
[16-Dec-2024 13:33:03 America/Sao_Paulo] PHP Warning:  file_get_contents(https://resources.cemaden.gov.br/graficos/cemaden/hidro/resources/json/MedidaResource.php?est=6622&amp;sen=20&amp;pag=36): failed to open stream: operation failed in /home/u509716858/domains/fenixsmm.store/public_html/wazeportal/dadoscemadem.php on line 14
[16-Dec-2024 13:33:03 America/Sao_Paulo] PHP Fatal error:  Uncaught PDOException: There is no active transaction in /home/u509716858/domains/fenixsmm.store/public_html/wazeportal/functions/scripts.php:94
Stack trace:
#0 /home/u509716858/domains/fenixsmm.store/public_html/wazeportal/functions/scripts.php(94): PDO->rollBack()
#1 /home/u509716858/domains/fenixsmm.store/public_html/wazeportal/wazejob.php(37): logExecution('dadoscemadem.ph...', 'error', 'Erro: There is ...')
#2 {main}
  thrown in /home/u509716858/domains/fenixsmm.store/public_html/wazeportal/functions/scripts.php on line 94
[16-Dec-2024 16:59:05 America/Sao_Paulo] PHP Warning:  file_get_contents(): SSL: Handshake timed out in /home/u509716858/domains/fenixsmm.store/public_html/wazeportal/dadoscemadem.php on line 14
[16-Dec-2024 16:59:05 America/Sao_Paulo] PHP Warning:  file_get_contents(): Failed to enable crypto in /home/u509716858/domains/fenixsmm.store/public_html/wazeportal/dadoscemadem.php on line 14
[16-Dec-2024 16:59:05 America/Sao_Paulo] PHP Warning:  file_get_contents(https://resources.cemaden.gov.br/graficos/cemaden/hidro/resources/json/MedidaResource.php?est=6622&amp;sen=20&amp;pag=36): failed to open stream: operation failed in /home/u509716858/domains/fenixsmm.store/public_html/wazeportal/dadoscemadem.php on line 14
[16-Dec-2024 16:59:05 America/Sao_Paulo] PHP Fatal error:  Uncaught PDOException: There is no active transaction in /home/u509716858/domains/fenixsmm.store/public_html/wazeportal/functions/scripts.php:94
Stack trace:
#0 /home/u509716858/domains/fenixsmm.store/public_html/wazeportal/functions/scripts.php(94): PDO->rollBack()
#1 /home/u509716858/domains/fenixsmm.store/public_html/wazeportal/wazejob.php(37): logExecution('dadoscemadem.ph...', 'error', 'Erro: There is ...')
#2 {main}
  thrown in /home/u509716858/domains/fenixsmm.store/public_html/wazeportal/functions/scripts.php on line 94
[17-Dec-2024 03:12:03 UTC] PHP Warning:  file_get_contents(https://resources.cemaden.gov.br/graficos/cemaden/hidro/resources/json/MedidaResource.php?est=6622&amp;sen=20&amp;pag=36): failed to open stream: HTTP request failed! HTTP/1.1 502 Proxy Error
 in /home/u509716858/domains/fenixsmm.store/public_html/wazeportal/dadoscemadem.php on line 14
[17-Dec-2024 01:01:06 America/Sao_Paulo] PHP Warning:  file_get_contents(): SSL: Handshake timed out in /home/u509716858/domains/fenixsmm.store/public_html/wazeportal/dadoscemadem.php on line 14
[17-Dec-2024 01:01:06 America/Sao_Paulo] PHP Warning:  file_get_contents(): Failed to enable crypto in /home/u509716858/domains/fenixsmm.store/public_html/wazeportal/dadoscemadem.php on line 14
[17-Dec-2024 01:01:06 America/Sao_Paulo] PHP Warning:  file_get_contents(https://resources.cemaden.gov.br/graficos/cemaden/hidro/resources/json/MedidaResource.php?est=6622&amp;sen=20&amp;pag=36): failed to open stream: operation failed in /home/u509716858/domains/fenixsmm.store/public_html/wazeportal/dadoscemadem.php on line 14
[17-Dec-2024 01:01:06 America/Sao_Paulo] PHP Fatal error:  Uncaught PDOException: There is no active transaction in /home/u509716858/domains/fenixsmm.store/public_html/wazeportal/functions/scripts.php:94
Stack trace:
#0 /home/u509716858/domains/fenixsmm.store/public_html/wazeportal/functions/scripts.php(94): PDO->rollBack()
#1 /home/u509716858/domains/fenixsmm.store/public_html/wazeportal/wazejob.php(37): logExecution('dadoscemadem.ph...', 'error', 'Erro: There is ...')
#2 {main}
  thrown in /home/u509716858/domains/fenixsmm.store/public_html/wazeportal/functions/scripts.php on line 94
[17-Dec-2024 03:16:38 America/Sao_Paulo] PHP Fatal error:  Uncaught PDOException: There is no active transaction in /home/u509716858/domains/fenixsmm.store/public_html/wazeportal/functions/scripts.php:94
Stack trace:
#0 /home/u509716858/domains/fenixsmm.store/public_html/wazeportal/functions/scripts.php(94): PDO->rollBack()
#1 /home/u509716858/domains/fenixsmm.store/public_html/wazeportal/wazejob.php(19): logExecution('wazealerts.php', 'error', 'Erro: There is ...')
#2 {main}
  thrown in /home/u509716858/domains/fenixsmm.store/public_html/wazeportal/functions/scripts.php on line 94
[17-Dec-2024 06:57:05 America/Sao_Paulo] PHP Warning:  file_get_contents(): SSL: Handshake timed out in /home/u509716858/domains/fenixsmm.store/public_html/wazeportal/dadoscemadem.php on line 14
[17-Dec-2024 06:57:05 America/Sao_Paulo] PHP Warning:  file_get_contents(): Failed to enable crypto in /home/u509716858/domains/fenixsmm.store/public_html/wazeportal/dadoscemadem.php on line 14
[17-Dec-2024 06:57:05 America/Sao_Paulo] PHP Warning:  file_get_contents(https://resources.cemaden.gov.br/graficos/cemaden/hidro/resources/json/MedidaResource.php?est=6622&amp;sen=20&amp;pag=36): failed to open stream: operation failed in /home/u509716858/domains/fenixsmm.store/public_html/wazeportal/dadoscemadem.php on line 14
[17-Dec-2024 06:57:05 America/Sao_Paulo] PHP Fatal error:  Uncaught PDOException: There is no active transaction in /home/u509716858/domains/fenixsmm.store/public_html/wazeportal/functions/scripts.php:94
Stack trace:
#0 /home/u509716858/domains/fenixsmm.store/public_html/wazeportal/functions/scripts.php(94): PDO->rollBack()
#1 /home/u509716858/domains/fenixsmm.store/public_html/wazeportal/wazejob.php(37): logExecution('dadoscemadem.ph...', 'error', 'Erro: There is ...')
#2 {main}
  thrown in /home/u509716858/domains/fenixsmm.store/public_html/wazeportal/functions/scripts.php on line 94
[17-Dec-2024 07:05:05 America/Sao_Paulo] PHP Warning:  file_get_contents(): SSL: Handshake timed out in /home/u509716858/domains/fenixsmm.store/public_html/wazeportal/dadoscemadem.php on line 14
[17-Dec-2024 07:05:05 America/Sao_Paulo] PHP Warning:  file_get_contents(): Failed to enable crypto in /home/u509716858/domains/fenixsmm.store/public_html/wazeportal/dadoscemadem.php on line 14
[17-Dec-2024 07:05:05 America/Sao_Paulo] PHP Warning:  file_get_contents(https://resources.cemaden.gov.br/graficos/cemaden/hidro/resources/json/MedidaResource.php?est=6622&amp;sen=20&amp;pag=36): failed to open stream: operation failed in /home/u509716858/domains/fenixsmm.store/public_html/wazeportal/dadoscemadem.php on line 14
[17-Dec-2024 07:05:05 America/Sao_Paulo] PHP Fatal error:  Uncaught PDOException: There is no active transaction in /home/u509716858/domains/fenixsmm.store/public_html/wazeportal/functions/scripts.php:94
Stack trace:
#0 /home/u509716858/domains/fenixsmm.store/public_html/wazeportal/functions/scripts.php(94): PDO->rollBack()
#1 /home/u509716858/domains/fenixsmm.store/public_html/wazeportal/wazejob.php(37): logExecution('dadoscemadem.ph...', 'error', 'Erro: There is ...')
#2 {main}
  thrown in /home/u509716858/domains/fenixsmm.store/public_html/wazeportal/functions/scripts.php on line 94
[17-Dec-2024 07:12:06 America/Sao_Paulo] PHP Warning:  file_get_contents(): SSL: Connection reset by peer in /home/u509716858/domains/fenixsmm.store/public_html/wazeportal/dadoscemadem.php on line 14
[17-Dec-2024 07:12:06 America/Sao_Paulo] PHP Warning:  file_get_contents(): Failed to enable crypto in /home/u509716858/domains/fenixsmm.store/public_html/wazeportal/dadoscemadem.php on line 14
[17-Dec-2024 07:12:06 America/Sao_Paulo] PHP Warning:  file_get_contents(https://resources.cemaden.gov.br/graficos/cemaden/hidro/resources/json/MedidaResource.php?est=6622&amp;sen=20&amp;pag=36): failed to open stream: operation failed in /home/u509716858/domains/fenixsmm.store/public_html/wazeportal/dadoscemadem.php on line 14
[17-Dec-2024 07:25:05 America/Sao_Paulo] PHP Warning:  file_get_contents(): SSL: Handshake timed out in /home/u509716858/domains/fenixsmm.store/public_html/wazeportal/dadoscemadem.php on line 14
[17-Dec-2024 07:25:05 America/Sao_Paulo] PHP Warning:  file_get_contents(): Failed to enable crypto in /home/u509716858/domains/fenixsmm.store/public_html/wazeportal/dadoscemadem.php on line 14
[17-Dec-2024 07:25:05 America/Sao_Paulo] PHP Warning:  file_get_contents(https://resources.cemaden.gov.br/graficos/cemaden/hidro/resources/json/MedidaResource.php?est=6622&amp;sen=20&amp;pag=36): failed to open stream: operation failed in /home/u509716858/domains/fenixsmm.store/public_html/wazeportal/dadoscemadem.php on line 14
[17-Dec-2024 07:25:05 America/Sao_Paulo] PHP Fatal error:  Uncaught PDOException: There is no active transaction in /home/u509716858/domains/fenixsmm.store/public_html/wazeportal/functions/scripts.php:94
Stack trace:
#0 /home/u509716858/domains/fenixsmm.store/public_html/wazeportal/functions/scripts.php(94): PDO->rollBack()
#1 /home/u509716858/domains/fenixsmm.store/public_html/wazeportal/wazejob.php(37): logExecution('dadoscemadem.ph...', 'error', 'Erro: There is ...')
#2 {main}
  thrown in /home/u509716858/domains/fenixsmm.store/public_html/wazeportal/functions/scripts.php on line 94
